<?xml version="1.0" encoding="UTF-8"?>
<!-- Generated by org.testng.reporters.JUnitReportReporter -->
<testsuite hostname="DESKTOP-2U8I6T1" failures="0" tests="1" name="Academy.validateNavigationBar" time="0.000" errors="0" timestamp="2021-09-18T00:17:45 EDT" skipped="1">
  <testcase classname="Academy.validateNavigationBar" name="validateAppNavBar" time="0.000">
    <skipped/>
  </testcase> <!-- validateAppNavBar -->
  <system-out/>
</testsuite> <!-- Academy.validateNavigationBar -->
