<?xml version="1.0" encoding="UTF-8"?>
<!-- Generated by org.testng.reporters.JUnitReportReporter -->
<testsuite hostname="DESKTOP-2U8I6T1" failures="0" tests="2" name="Academy.validateTitle" time="0.000" errors="0" timestamp="2021-09-18T00:17:45 EDT" skipped="2">
  <testcase classname="Academy.validateTitle" name="validateHeader" time="0.000">
    <skipped/>
  </testcase> <!-- validateHeader -->
  <system-out/>
  <testcase classname="Academy.validateTitle" name="validateAppTitle" time="0.000">
    <skipped/>
  </testcase> <!-- validateAppTitle -->
  <system-out/>
</testsuite> <!-- Academy.validateTitle -->
